        Placement Information by Core
        =============================

Generated: Thu Dec  8 21:18:27 2022 for target machine '172.16.223.43'

**** Chip: (0, 0)
Application cores: 18
  Processor 1: Vertex: 'Command Sender on 0, 0', pop size: 1
              Slice on this core: (0:0)
              Model: CommandSender
              SDRAM required: 1652; 0 per timestep

  Processor 2: Vertex: 'LiveSpikeReceiver', pop size: 0
              Slice on this core: (0:0)
              Model: LivePacketGather
              SDRAM required: 512; 0 per timestep

  Processor 3: System Vertex: 'SYSTEM:PacketGatherer(0,0)'
              Model: DataSpeedUpPacketGatherMachineVertex
              SDRAM required: 477250; 0 per timestep

  Processor 4: System Vertex: 'SYSTEM:ExtraMonitor'
              Model: ExtraMonitorSupportMachineVertex
              SDRAM required: 488476; 0 per timestep

  Processor 5: Vertex: 'motor_neurons', pop size: 4
              Slice on this core: (0:3)
              Model: AbstractPopulationVertex
              SDRAM required: 9288; 0.0 per timestep

Total SDRAM on chip (123469792 available): 977178; 0.0 per-timestep

**** Chip: (0, 1)
Application cores: 18
  Processor 1: System Vertex: 'SYSTEM:ExtraMonitor'
              Model: ExtraMonitorSupportMachineVertex
              SDRAM required: 488476; 0 per timestep

Total SDRAM on chip (123469792 available): 488476; 0 per-timestep

**** Chip: (0, 2)
Application cores: 18
  Processor 1: System Vertex: 'SYSTEM:ExtraMonitor'
              Model: ExtraMonitorSupportMachineVertex
              SDRAM required: 488476; 0 per timestep

Total SDRAM on chip (123469792 available): 488476; 0 per-timestep

**** Chip: (0, 3)
Application cores: 18
  Processor 1: System Vertex: 'SYSTEM:ExtraMonitor'
              Model: ExtraMonitorSupportMachineVertex
              SDRAM required: 488476; 0 per timestep

Total SDRAM on chip (123469792 available): 488476; 0 per-timestep

**** Chip: (1, 0)
Application cores: 17
  Processor 1: System Vertex: 'SYSTEM:ExtraMonitor'
              Model: ExtraMonitorSupportMachineVertex
              SDRAM required: 488476; 0 per timestep

Total SDRAM on chip (123469792 available): 488476; 0 per-timestep

**** Chip: (1, 1)
Application cores: 18
  Processor 1: System Vertex: 'SYSTEM:ExtraMonitor'
              Model: ExtraMonitorSupportMachineVertex
              SDRAM required: 488476; 0 per timestep

Total SDRAM on chip (123469792 available): 488476; 0 per-timestep

**** Chip: (1, 2)
Application cores: 18
  Processor 1: System Vertex: 'SYSTEM:ExtraMonitor'
              Model: ExtraMonitorSupportMachineVertex
              SDRAM required: 488476; 0 per timestep

Total SDRAM on chip (123469792 available): 488476; 0 per-timestep

**** Chip: (1, 3)
Application cores: 18
  Processor 1: System Vertex: 'SYSTEM:ExtraMonitor'
              Model: ExtraMonitorSupportMachineVertex
              SDRAM required: 488476; 0 per timestep

Total SDRAM on chip (123469792 available): 488476; 0 per-timestep

**** Chip: (1, 4)
Application cores: 18
  Processor 1: System Vertex: 'SYSTEM:ExtraMonitor'
              Model: ExtraMonitorSupportMachineVertex
              SDRAM required: 488476; 0 per timestep

Total SDRAM on chip (123469792 available): 488476; 0 per-timestep

**** Chip: (2, 0)
Application cores: 18
  Processor 1: System Vertex: 'SYSTEM:ExtraMonitor'
              Model: ExtraMonitorSupportMachineVertex
              SDRAM required: 488476; 0 per timestep

Total SDRAM on chip (123469792 available): 488476; 0 per-timestep

**** Chip: (2, 1)
Application cores: 18
  Processor 1: System Vertex: 'SYSTEM:ExtraMonitor'
              Model: ExtraMonitorSupportMachineVertex
              SDRAM required: 488476; 0 per timestep

Total SDRAM on chip (123469792 available): 488476; 0 per-timestep

**** Chip: (2, 2)
Application cores: 18
  Processor 1: System Vertex: 'SYSTEM:ExtraMonitor'
              Model: ExtraMonitorSupportMachineVertex
              SDRAM required: 488476; 0 per timestep

Total SDRAM on chip (123469792 available): 488476; 0 per-timestep

**** Chip: (2, 3)
Application cores: 17
  Processor 1: System Vertex: 'SYSTEM:ExtraMonitor'
              Model: ExtraMonitorSupportMachineVertex
              SDRAM required: 488476; 0 per timestep

Total SDRAM on chip (123469792 available): 488476; 0 per-timestep

**** Chip: (2, 4)
Application cores: 18
  Processor 1: System Vertex: 'SYSTEM:ExtraMonitor'
              Model: ExtraMonitorSupportMachineVertex
              SDRAM required: 488476; 0 per timestep

Total SDRAM on chip (123469792 available): 488476; 0 per-timestep

**** Chip: (2, 5)
Application cores: 18
  Processor 1: System Vertex: 'SYSTEM:ExtraMonitor'
              Model: ExtraMonitorSupportMachineVertex
              SDRAM required: 488476; 0 per timestep

Total SDRAM on chip (123469792 available): 488476; 0 per-timestep

**** Chip: (3, 0)
Application cores: 18
  Processor 1: System Vertex: 'SYSTEM:ExtraMonitor'
              Model: ExtraMonitorSupportMachineVertex
              SDRAM required: 488476; 0 per timestep

Total SDRAM on chip (123469792 available): 488476; 0 per-timestep

**** Chip: (3, 1)
Application cores: 18
  Processor 1: System Vertex: 'SYSTEM:ExtraMonitor'
              Model: ExtraMonitorSupportMachineVertex
              SDRAM required: 488476; 0 per timestep

Total SDRAM on chip (123469792 available): 488476; 0 per-timestep

**** Chip: (3, 2)
Application cores: 18
  Processor 1: System Vertex: 'SYSTEM:ExtraMonitor'
              Model: ExtraMonitorSupportMachineVertex
              SDRAM required: 488476; 0 per timestep

Total SDRAM on chip (123469792 available): 488476; 0 per-timestep

**** Chip: (3, 3)
Application cores: 18
  Processor 1: System Vertex: 'SYSTEM:ExtraMonitor'
              Model: ExtraMonitorSupportMachineVertex
              SDRAM required: 488476; 0 per timestep

Total SDRAM on chip (123469792 available): 488476; 0 per-timestep

**** Chip: (3, 4)
Application cores: 18
  Processor 1: System Vertex: 'SYSTEM:ExtraMonitor'
              Model: ExtraMonitorSupportMachineVertex
              SDRAM required: 488476; 0 per timestep

Total SDRAM on chip (123469792 available): 488476; 0 per-timestep

**** Chip: (3, 5)
Application cores: 17
  Processor 1: System Vertex: 'SYSTEM:ExtraMonitor'
              Model: ExtraMonitorSupportMachineVertex
              SDRAM required: 488476; 0 per timestep

Total SDRAM on chip (123469792 available): 488476; 0 per-timestep

**** Chip: (3, 6)
Application cores: 18
  Processor 1: System Vertex: 'SYSTEM:ExtraMonitor'
              Model: ExtraMonitorSupportMachineVertex
              SDRAM required: 488476; 0 per timestep

Total SDRAM on chip (123469792 available): 488476; 0 per-timestep

**** Chip: (4, 0)
Application cores: 18
  Processor 1: System Vertex: 'SYSTEM:ExtraMonitor'
              Model: ExtraMonitorSupportMachineVertex
              SDRAM required: 488476; 0 per timestep

Total SDRAM on chip (123469792 available): 488476; 0 per-timestep

**** Chip: (4, 1)
Application cores: 17
  Processor 1: System Vertex: 'SYSTEM:ExtraMonitor'
              Model: ExtraMonitorSupportMachineVertex
              SDRAM required: 488476; 0 per timestep

Total SDRAM on chip (123469792 available): 488476; 0 per-timestep

**** Chip: (4, 2)
Application cores: 18
  Processor 1: System Vertex: 'SYSTEM:ExtraMonitor'
              Model: ExtraMonitorSupportMachineVertex
              SDRAM required: 488476; 0 per timestep

Total SDRAM on chip (123469792 available): 488476; 0 per-timestep

**** Chip: (4, 3)
Application cores: 17
  Processor 1: System Vertex: 'SYSTEM:ExtraMonitor'
              Model: ExtraMonitorSupportMachineVertex
              SDRAM required: 488476; 0 per timestep

Total SDRAM on chip (123469792 available): 488476; 0 per-timestep

**** Chip: (4, 4)
Application cores: 18
  Processor 1: System Vertex: 'SYSTEM:ExtraMonitor'
              Model: ExtraMonitorSupportMachineVertex
              SDRAM required: 488476; 0 per timestep

Total SDRAM on chip (123469792 available): 488476; 0 per-timestep

**** Chip: (4, 5)
Application cores: 18
  Processor 1: System Vertex: 'SYSTEM:ExtraMonitor'
              Model: ExtraMonitorSupportMachineVertex
              SDRAM required: 488476; 0 per timestep

Total SDRAM on chip (123469792 available): 488476; 0 per-timestep

**** Chip: (4, 6)
Application cores: 18
  Processor 1: System Vertex: 'SYSTEM:ExtraMonitor'
              Model: ExtraMonitorSupportMachineVertex
              SDRAM required: 488476; 0 per timestep

Total SDRAM on chip (123469792 available): 488476; 0 per-timestep

**** Chip: (4, 7)
Application cores: 18
  Processor 1: System Vertex: 'SYSTEM:ExtraMonitor'
              Model: ExtraMonitorSupportMachineVertex
              SDRAM required: 488476; 0 per timestep

Total SDRAM on chip (123469792 available): 488476; 0 per-timestep

**** Chip: (5, 1)
Application cores: 18
  Processor 1: System Vertex: 'SYSTEM:ExtraMonitor'
              Model: ExtraMonitorSupportMachineVertex
              SDRAM required: 488476; 0 per timestep

Total SDRAM on chip (123469792 available): 488476; 0 per-timestep

**** Chip: (5, 2)
Application cores: 18
  Processor 1: System Vertex: 'SYSTEM:ExtraMonitor'
              Model: ExtraMonitorSupportMachineVertex
              SDRAM required: 488476; 0 per timestep

Total SDRAM on chip (123469792 available): 488476; 0 per-timestep

**** Chip: (5, 3)
Application cores: 18
  Processor 1: System Vertex: 'SYSTEM:ExtraMonitor'
              Model: ExtraMonitorSupportMachineVertex
              SDRAM required: 488476; 0 per timestep

Total SDRAM on chip (123469792 available): 488476; 0 per-timestep

**** Chip: (5, 4)
Application cores: 18
  Processor 1: System Vertex: 'SYSTEM:ExtraMonitor'
              Model: ExtraMonitorSupportMachineVertex
              SDRAM required: 488476; 0 per timestep

Total SDRAM on chip (123469792 available): 488476; 0 per-timestep

**** Chip: (5, 5)
Application cores: 18
  Processor 1: System Vertex: 'SYSTEM:ExtraMonitor'
              Model: ExtraMonitorSupportMachineVertex
              SDRAM required: 488476; 0 per timestep

Total SDRAM on chip (123469792 available): 488476; 0 per-timestep

**** Chip: (5, 6)
Application cores: 18
  Processor 1: System Vertex: 'SYSTEM:ExtraMonitor'
              Model: ExtraMonitorSupportMachineVertex
              SDRAM required: 488476; 0 per timestep

Total SDRAM on chip (123469792 available): 488476; 0 per-timestep

**** Chip: (5, 7)
Application cores: 18
  Processor 1: System Vertex: 'SYSTEM:ExtraMonitor'
              Model: ExtraMonitorSupportMachineVertex
              SDRAM required: 488476; 0 per timestep

Total SDRAM on chip (123469792 available): 488476; 0 per-timestep

**** Chip: (6, 2)
Application cores: 18
  Processor 1: System Vertex: 'SYSTEM:ExtraMonitor'
              Model: ExtraMonitorSupportMachineVertex
              SDRAM required: 488476; 0 per timestep

Total SDRAM on chip (123469792 available): 488476; 0 per-timestep

**** Chip: (6, 3)
Application cores: 18
  Processor 1: System Vertex: 'SYSTEM:ExtraMonitor'
              Model: ExtraMonitorSupportMachineVertex
              SDRAM required: 488476; 0 per timestep

Total SDRAM on chip (123469792 available): 488476; 0 per-timestep

**** Chip: (6, 4)
Application cores: 18
  Processor 1: System Vertex: 'SYSTEM:ExtraMonitor'
              Model: ExtraMonitorSupportMachineVertex
              SDRAM required: 488476; 0 per timestep

Total SDRAM on chip (123469792 available): 488476; 0 per-timestep

**** Chip: (6, 5)
Application cores: 17
  Processor 1: System Vertex: 'SYSTEM:ExtraMonitor'
              Model: ExtraMonitorSupportMachineVertex
              SDRAM required: 488476; 0 per timestep

Total SDRAM on chip (123469792 available): 488476; 0 per-timestep

**** Chip: (6, 6)
Application cores: 18
  Processor 1: System Vertex: 'SYSTEM:ExtraMonitor'
              Model: ExtraMonitorSupportMachineVertex
              SDRAM required: 488476; 0 per timestep

Total SDRAM on chip (123469792 available): 488476; 0 per-timestep

**** Chip: (6, 7)
Application cores: 18
  Processor 1: System Vertex: 'SYSTEM:ExtraMonitor'
              Model: ExtraMonitorSupportMachineVertex
              SDRAM required: 488476; 0 per timestep

Total SDRAM on chip (123469792 available): 488476; 0 per-timestep

**** Chip: (7, 3)
Application cores: 18
  Processor 1: System Vertex: 'SYSTEM:ExtraMonitor'
              Model: ExtraMonitorSupportMachineVertex
              SDRAM required: 488476; 0 per timestep

Total SDRAM on chip (123469792 available): 488476; 0 per-timestep

**** Chip: (7, 4)
Application cores: 18
  Processor 1: System Vertex: 'SYSTEM:ExtraMonitor'
              Model: ExtraMonitorSupportMachineVertex
              SDRAM required: 488476; 0 per timestep

Total SDRAM on chip (123469792 available): 488476; 0 per-timestep

**** Chip: (7, 5)
Application cores: 18
  Processor 1: System Vertex: 'SYSTEM:ExtraMonitor'
              Model: ExtraMonitorSupportMachineVertex
              SDRAM required: 488476; 0 per timestep

Total SDRAM on chip (123469792 available): 488476; 0 per-timestep

**** Chip: (7, 6)
Application cores: 18
  Processor 1: System Vertex: 'SYSTEM:ExtraMonitor'
              Model: ExtraMonitorSupportMachineVertex
              SDRAM required: 488476; 0 per timestep

Total SDRAM on chip (123469792 available): 488476; 0 per-timestep

**** Chip: (7, 7)
Application cores: 18
  Processor 1: System Vertex: 'SYSTEM:ExtraMonitor'
              Model: ExtraMonitorSupportMachineVertex
              SDRAM required: 488476; 0 per timestep

Total SDRAM on chip (123469792 available): 488476; 0 per-timestep

