Router contains 108 entries
Index Key        Mask       Route      Default [Cores][Links]
----- ---------- ---------- ---------- ------- --------------
    0 0x00000000 0xFFFFFFFF 0x00000800 False   [5] []
    1 0x00000004 0xFFFFFFFF 0x00000800 False   [5] []
    2 0x00000010 0xFFFFFFFF 0x00000800 False   [5] []
    3 0x00000014 0xFFFFFFFF 0x00000800 False   [5] []
    4 0x00000020 0xFFFFFFFF 0x00000800 False   [5] []
    5 0x00000024 0xFFFFFFFF 0x00000800 False   [5] []
    6 0x00000001 0xFFFFFFFF 0x00000800 False   [5] []
    7 0x00000005 0xFFFFFFFF 0x00000800 False   [5] []
    8 0x00000011 0xFFFFFFFF 0x00000800 False   [5] []
    9 0x00000015 0xFFFFFFFF 0x00000800 False   [5] []
   10 0x00000021 0xFFFFFFFF 0x00000800 False   [5] []
   11 0x00000025 0xFFFFFFFF 0x00000800 False   [5] []
   12 0x00000002 0xFFFFFFFF 0x00000800 False   [5] []
   13 0x00000006 0xFFFFFFFF 0x00000800 False   [5] []
   14 0x00000012 0xFFFFFFFF 0x00000800 False   [5] []
   15 0x00000016 0xFFFFFFFF 0x00000800 False   [5] []
   16 0x00000022 0xFFFFFFFF 0x00000800 False   [5] []
   17 0x00000026 0xFFFFFFFF 0x00000800 False   [5] []
   18 0x00000003 0xFFFFFFFF 0x00000800 False   [5] []
   19 0x00000007 0xFFFFFFFF 0x00000800 False   [5] []
   20 0x00000013 0xFFFFFFFF 0x00000800 False   [5] []
   21 0x00000017 0xFFFFFFFF 0x00000800 False   [5] []
   22 0x00000023 0xFFFFFFFF 0x00000800 False   [5] []
   23 0x00000027 0xFFFFFFFF 0x00000800 False   [5] []
   24 0x00000008 0xFFFFFFFF 0x00000800 False   [5] []
   25 0x0000000C 0xFFFFFFFF 0x00000800 False   [5] []
   26 0x00000018 0xFFFFFFFF 0x00000800 False   [5] []
   27 0x0000001C 0xFFFFFFFF 0x00000800 False   [5] []
   28 0x00000028 0xFFFFFFFF 0x00000800 False   [5] []
   29 0x0000002C 0xFFFFFFFF 0x00000800 False   [5] []
   30 0x00000009 0xFFFFFFFF 0x00000800 False   [5] []
   31 0x0000000D 0xFFFFFFFF 0x00000800 False   [5] []
   32 0x00000019 0xFFFFFFFF 0x00000800 False   [5] []
   33 0x0000001D 0xFFFFFFFF 0x00000800 False   [5] []
   34 0x00000029 0xFFFFFFFF 0x00000800 False   [5] []
   35 0x0000002D 0xFFFFFFFF 0x00000800 False   [5] []
   36 0x0000000A 0xFFFFFFFF 0x00000800 False   [5] []
   37 0x0000000E 0xFFFFFFFF 0x00000800 False   [5] []
   38 0x0000001A 0xFFFFFFFF 0x00000800 False   [5] []
   39 0x0000001E 0xFFFFFFFF 0x00000800 False   [5] []
   40 0x0000002A 0xFFFFFFFF 0x00000800 False   [5] []
   41 0x0000002E 0xFFFFFFFF 0x00000800 False   [5] []
   42 0x0000000B 0xFFFFFFFF 0x00000800 False   [5] []
   43 0x0000000F 0xFFFFFFFF 0x00000800 False   [5] []
   44 0x0000001B 0xFFFFFFFF 0x00000800 False   [5] []
   45 0x0000001F 0xFFFFFFFF 0x00000800 False   [5] []
   46 0x0000002B 0xFFFFFFFF 0x00000800 False   [5] []
   47 0x0000002F 0xFFFFFFFF 0x00000800 False   [5] []
   48 0x00000080 0xFFFFFFC0 0x00000100 False   [2] []
   49 0xFFFFFF80 0xFFFFFFFF 0x00000020 False   [] [S]
   50 0xFFFFFF81 0xFFFFFFFF 0x00000020 False   [] [S]
   51 0xFFFFFF82 0xFFFFFFFF 0x00000020 False   [] [S]
   52 0xFFFFFF83 0xFFFFFFFF 0x00000020 False   [] [S]
   53 0xFFFFFE10 0xFFFFFFFF 0x00000020 False   [] [S]
   54 0xFFFFFF90 0xFFFFFFFF 0x00000020 False   [] [S]
   55 0xFFFFFF91 0xFFFFFFFF 0x00000020 False   [] [S]
   56 0xFFFFFF92 0xFFFFFFFF 0x00000020 False   [] [S]
   57 0xFFFFFF93 0xFFFFFFFF 0x00000020 False   [] [S]
   58 0xFFFFFF94 0xFFFFFFFF 0x00000020 False   [] [S]
   59 0xFFFFFF95 0xFFFFFFFF 0x00000020 False   [] [S]
   60 0xFFFFFF96 0xFFFFFFFF 0x00000020 False   [] [S]
   61 0xFFFFFF97 0xFFFFFFFF 0x00000020 False   [] [S]
   62 0xFFFFFF10 0xFFFFFFFF 0x00000020 False   [] [S]
   63 0xFFFFFF11 0xFFFFFFFF 0x00000020 False   [] [S]
   64 0xFFFFFF12 0xFFFFFFFF 0x00000020 False   [] [S]
   65 0xFFFFFF13 0xFFFFFFFF 0x00000020 False   [] [S]
   66 0xFFFFFF14 0xFFFFFFFF 0x00000020 False   [] [S]
   67 0xFFFFFF15 0xFFFFFFFF 0x00000020 False   [] [S]
   68 0xFFFFFF16 0xFFFFFFFF 0x00000020 False   [] [S]
   69 0xFFFFFF17 0xFFFFFFFF 0x00000020 False   [] [S]
   70 0xFFFFFF20 0xFFFFFFFF 0x00000020 False   [] [S]
   71 0xFFFFFF21 0xFFFFFFFF 0x00000020 False   [] [S]
   72 0xFFFFFF22 0xFFFFFFFF 0x00000020 False   [] [S]
   73 0xFFFFFF23 0xFFFFFFFF 0x00000020 False   [] [S]
   74 0xFFFFFF24 0xFFFFFFFF 0x00000020 False   [] [S]
   75 0xFFFFFF25 0xFFFFFFFF 0x00000020 False   [] [S]
   76 0xFFFFFF26 0xFFFFFFFF 0x00000020 False   [] [S]
   77 0xFFFFFF27 0xFFFFFFFF 0x00000020 False   [] [S]
   78 0xFFFFFFB0 0xFFFFFFFF 0x00000020 False   [] [S]
   79 0xFFFFFFB1 0xFFFFFFFF 0x00000020 False   [] [S]
   80 0xFFFFFFB2 0xFFFFFFFF 0x00000020 False   [] [S]
   81 0xFFFFFFB3 0xFFFFFFFF 0x00000020 False   [] [S]
   82 0xFFFFFFB4 0xFFFFFFFF 0x00000020 False   [] [S]
   83 0xFFFFFFB5 0xFFFFFFFF 0x00000020 False   [] [S]
   84 0xFFFFFFB6 0xFFFFFFFF 0x00000020 False   [] [S]
   85 0xFFFFFFB7 0xFFFFFFFF 0x00000020 False   [] [S]
   86 0xFFFFFF30 0xFFFFFFFF 0x00000020 False   [] [S]
   87 0xFFFFFF31 0xFFFFFFFF 0x00000020 False   [] [S]
   88 0xFFFFFF32 0xFFFFFFFF 0x00000020 False   [] [S]
   89 0xFFFFFF33 0xFFFFFFFF 0x00000020 False   [] [S]
   90 0xFFFFFF34 0xFFFFFFFF 0x00000020 False   [] [S]
   91 0xFFFFFF35 0xFFFFFFFF 0x00000020 False   [] [S]
   92 0xFFFFFF36 0xFFFFFFFF 0x00000020 False   [] [S]
   93 0xFFFFFF37 0xFFFFFFFF 0x00000020 False   [] [S]
   94 0xFFFFFF40 0xFFFFFFFF 0x00000020 False   [] [S]
   95 0xFFFFFF41 0xFFFFFFFF 0x00000020 False   [] [S]
   96 0xFFFFFF42 0xFFFFFFFF 0x00000020 False   [] [S]
   97 0xFFFFFF43 0xFFFFFFFF 0x00000020 False   [] [S]
   98 0xFFFFFE11 0xFFFFFFFF 0x00000020 False   [] [S]
   99 0xFFFFFF50 0xFFFFFFFF 0x00000020 False   [] [S]
  100 0xFFFFFF60 0xFFFFFFFF 0x00000020 False   [] [S]
  101 0xFFFFFF61 0xFFFFFFFF 0x00000020 False   [] [S]
  102 0xFFFFFF62 0xFFFFFFFF 0x00000020 False   [] [S]
  103 0xFFFFFF63 0xFFFFFFFF 0x00000020 False   [] [S]
  104 0xFFFFFF70 0xFFFFFFFF 0x00000020 False   [] [S]
  105 0xFFFFFF71 0xFFFFFFFF 0x00000020 False   [] [S]
  106 0xFFFFFF72 0xFFFFFFFF 0x00000020 False   [] [S]
  107 0xFFFFFF73 0xFFFFFFFF 0x00000020 False   [] [S]
0 Defaultable entries
