Router contains 24 entries
Index Key        Mask       Route      Default [Cores][Links]
----- ---------- ---------- ---------- ------- --------------
    0 0x00000000 0xFFFFFFFF 0x00000008 False   [] [W]
    1 0x00000004 0xFFFFFFFF 0x00000008 False   [] [W]
    2 0x00000010 0xFFFFFFFF 0x00000008 False   [] [W]
    3 0x00000014 0xFFFFFFFF 0x00000008 False   [] [W]
    4 0x00000020 0xFFFFFFFF 0x00000008 False   [] [W]
    5 0x00000024 0xFFFFFFFF 0x00000008 False   [] [W]
    6 0x00000001 0xFFFFFFFF 0x00000008 False   [] [W]
    7 0x00000005 0xFFFFFFFF 0x00000008 False   [] [W]
    8 0x00000011 0xFFFFFFFF 0x00000008 False   [] [W]
    9 0x00000015 0xFFFFFFFF 0x00000008 False   [] [W]
   10 0x00000021 0xFFFFFFFF 0x00000008 False   [] [W]
   11 0x00000025 0xFFFFFFFF 0x00000008 False   [] [W]
   12 0x00000002 0xFFFFFFFF 0x00000008 False   [] [W]
   13 0x00000006 0xFFFFFFFF 0x00000008 False   [] [W]
   14 0x00000012 0xFFFFFFFF 0x00000008 False   [] [W]
   15 0x00000016 0xFFFFFFFF 0x00000008 False   [] [W]
   16 0x00000022 0xFFFFFFFF 0x00000008 False   [] [W]
   17 0x00000026 0xFFFFFFFF 0x00000008 False   [] [W]
   18 0x00000003 0xFFFFFFFF 0x00000008 False   [] [W]
   19 0x00000007 0xFFFFFFFF 0x00000008 False   [] [W]
   20 0x00000013 0xFFFFFFFF 0x00000008 False   [] [W]
   21 0x00000017 0xFFFFFFFF 0x00000008 False   [] [W]
   22 0x00000023 0xFFFFFFFF 0x00000008 False   [] [W]
   23 0x00000027 0xFFFFFFFF 0x00000008 False   [] [W]
0 Defaultable entries
